

Version:	3.7
CmdLine:	D:\Локальный диск (G)\Serg\Programmirovanie\ExpressionWithContext\out\artifacts\ExpressionWithContext_jar\Concordancer.exe --l4j-debug
WOW64:		no
Working dir:	D:\Локальный диск (G)\Serg\Programmirovanie\ExpressionWithContext\out\artifacts\ExpressionWithContext_jar\.
32-bit search:	SOFTWARE\JavaSoft\Java Runtime Environment...
Check:		SOFTWARE\JavaSoft\Java Runtime Environment\1.7
Check launcher:	C:\Program Files\Java\jre7\bin\javaw.exe (OK)
Match:		1.7
Check:		SOFTWARE\JavaSoft\Java Runtime Environment\1.7.0_79
Check launcher:	C:\Program Files\Java\jre7\bin\javaw.exe (OK)
Match:		1.7.0_79
32-bit search:	SOFTWARE\JavaSoft\Java Development Kit...
Check:		SOFTWARE\JavaSoft\Java Development Kit\1.7
Ignore:		1.7
Check:		SOFTWARE\JavaSoft\Java Development Kit\1.7.0_79
Ignore:		1.7.0_79
Runtime used:	1.7.0_79 (32-bit)
Launcher:	C:\Program Files\Java\jre7\bin\javaw.exe
Launcher args:	-jar "D:\Локальный диск (G)\Serg\Programmirovanie\ExpressionWithContext\out\artifacts\ExpressionWithContext_jar\Concordancer.exe"
Args length:	129/32768 chars
Exit code:	0


Version:	3.7
CmdLine:	G:\Локальный диск (G)\Serg\Programmirovanie\ExpressionWithContext\out\artifacts\ExpressionWithContext_jar\Concordancer.exe --l4j-debug
WOW64:		yes
Working dir:	G:\Локальный диск (G)\Serg\Programmirovanie\ExpressionWithContext\out\artifacts\ExpressionWithContext_jar\.
Bundled JRE:	8.0.1
Check launcher:	G:\Локальный диск (G)\Serg\Programmirovanie\ExpressionWithContext\out\artifacts\ExpressionWithContext_jar\8.0.1\bin\javaw.exe (not found)
Error msg:	This application was configured to use a bundled Java Runtime Environment but the runtime is missing or corrupted.


Version:	3.7
CmdLine:	G:\Локальный диск (G)\Serg\Programmirovanie\ExpressionWithContext\out\artifacts\ExpressionWithContext_jar\Concordancer.exe --l4j-debug
WOW64:		yes
Working dir:	G:\Локальный диск (G)\Serg\Programmirovanie\ExpressionWithContext\out\artifacts\ExpressionWithContext_jar\.
Bundled JRE:	8.0.1
Check launcher:	G:\Локальный диск (G)\Serg\Programmirovanie\ExpressionWithContext\out\artifacts\ExpressionWithContext_jar\8.0.1\bin\javaw.exe (not found)
Error msg:	This application was configured to use a bundled Java Runtime Environment but the runtime is missing or corrupted.


Version:	3.7
CmdLine:	G:\Локальный диск (G)\Serg\Programmirovanie\ExpressionWithContext\out\artifacts\ExpressionWithContext_jar\ComBiLex.exe --l4j-debug
WOW64:		yes
Working dir:	G:\Локальный диск (G)\Serg\Programmirovanie\ExpressionWithContext\out\artifacts\ExpressionWithContext_jar\.
Bundled JRE:	JRELOCAL
Check launcher:	G:\Локальный диск (G)\Serg\Programmirovanie\ExpressionWithContext\out\artifacts\ExpressionWithContext_jar\JRELOCAL\bin\javaw.exe (OK)
Launcher:	G:\Локальный диск (G)\Serg\Programmirovanie\ExpressionWithContext\out\artifacts\ExpressionWithContext_jar\JRELOCAL\bin\javaw.exe
Launcher args:	-jar "G:\Локальный диск (G)\Serg\Programmirovanie\ExpressionWithContext\out\artifacts\ExpressionWithContext_jar\ComBiLex.exe"
Args length:	125/32768 chars
Exit code:	0


Version:	3.7
CmdLine:	G:\Локальный диск (G)\Serg\Programmirovanie\ExpressionWithContext\out\artifacts\ExpressionWithContext_jar\TexPeer.exe --l4j-debug
WOW64:		yes
Working dir:	G:\Локальный диск (G)\Serg\Programmirovanie\ExpressionWithContext\out\artifacts\ExpressionWithContext_jar\.
Bundled JRE:	JRELOCAL
Check launcher:	G:\Локальный диск (G)\Serg\Programmirovanie\ExpressionWithContext\out\artifacts\ExpressionWithContext_jar\JRELOCAL\bin\javaw.exe (OK)
Launcher:	G:\Локальный диск (G)\Serg\Programmirovanie\ExpressionWithContext\out\artifacts\ExpressionWithContext_jar\JRELOCAL\bin\javaw.exe
Launcher args:	-jar "G:\Локальный диск (G)\Serg\Programmirovanie\ExpressionWithContext\out\artifacts\ExpressionWithContext_jar\TexPeer.exe"
Args length:	124/32768 chars
Exit code:	0
